Arguments: 
  /usr/bin/node /usr/bin/yarn

PATH: 
  /home/karim/.local/bin:/usr/local/sbin:/usr/local/bin:/usr/sbin:/usr/bin:/sbin:/bin:/usr/games:/usr/local/games:/snap/bin:/usr/bin/phantomjs

Yarn version: 
  1.22.4

Node version: 
  12.16.1

Platform: 
  linux x64

Trace: 
  SyntaxError: /home/karim/dev/karim88.github.io/package.json: Unexpected token } in JSON at position 953
      at JSON.parse (<anonymous>)
      at /usr/lib/node_modules/yarn/lib/cli.js:1625:59
      at Generator.next (<anonymous>)
      at step (/usr/lib/node_modules/yarn/lib/cli.js:310:30)
      at /usr/lib/node_modules/yarn/lib/cli.js:321:13

npm manifest: 
  {
    "name": "karimoc",
    "version": "2.1.0",
    "homepage": "https://karim88.github.io",
    "private": true,
    "dependencies": {
      "express": "^4.17.1",
      "react": "^16.6.3",
      "react-dom": "^16.6.3",
      "react-scripts": "2.1.1",
      "wow.js": "^1.2.2"
    },
    "scripts": {
      "start": "react-scripts start",
      "deploy": "gh-pages -d build",
      "build": "react-scripts build",
      "test": "react-scripts test",
      "eject": "react-scripts eject",
      "dev:build-server": "NODE_ENV=development webpack --config webpack.server.js --mode=development -w",
      "dev:start": "nodemon ./server-build/index.js",
      "dev": "npm-run-all --parallel build dev:*"
    },
    "eslintConfig": {
      "extends": "react-app"
    },
    "browserslist": [
      ">0.2%",
      "not dead",
      "not ie <= 11",
      "not op_mini all"
    ],
    "devDependencies": {
      "gh-pages": "^2.2.0",
      "nodemon": "^2.0.7",
      "npm-run-all": "^4.1.5",
      "uglify-js-brunch": "^2.10.0",
    }
  }

yarn manifest: 
  No manifest

Lockfile: 
  No lockfile
